Removed Pin From Net: NetName=GND Pin=Q3-1
Removed Pin From Net: NetName=NetJ3_1 Pin=Q3-2
Removed Member From Class: ClassName=Keo_truot_cua_tu_6_sensor_2_Schematic Member=Q6
Removed Member From Class: ClassName=Keo_truot_cua_tu_6_sensor_2_Schematic Member=Q7
Removed Member From Class: ClassName=Keo_truot_cua_tu_6_sensor_2_Schematic Member=Q8
Change Component DesignItemId : Designator=Q4 Old DesignItemId=IRF7203 New DesignItemId=C1815
Change Component DesignItemId : Designator=Q3 Old DesignItemId=IRFBC40S New DesignItemId=IRF7203
Change Component Footprint: Designator=Q3 Old Footprint=D2PAK_N New Footprint=SO-8_N
Change Component Footprint: Designator=Q4 Old Footprint=SO-8_N New Footprint=SOT23B
Change Component Comment : Designator=Q4 Old Comment=IRF7203 New Comment=C1815
Change Component Comment : Designator=Q3 Old Comment=IRFBC40S New Comment=IRF7203
Change Component Designator: OldDesignator=Q4 NewDesignator=Q5
Added Component: Designator=Q4(SOT23B)
Added Pin To Net: NetName=GND Pin=Q3-1
Added Pin To Net: NetName=NetJ3_1 Pin=Q3-2
Added Pin To Net: NetName=NetJ3_3 Pin=Q5-2
Change Net Name : Old Net Name=NetQ8_3 New Net Name=NetQ5_3
Added Pin To Net: NetName=NetQ3_2 Pin=Q3-2
Added Pin To Net: NetName=NetQ3_2 Pin=Q3-3
Added Net: Name=NetQ3_2
Added Pin To Net: NetName=NetQ3_5 Pin=Q3-5
Added Pin To Net: NetName=NetQ3_5 Pin=Q3-6
Added Pin To Net: NetName=NetQ3_5 Pin=Q3-7
Added Pin To Net: NetName=NetQ3_5 Pin=Q3-8
Added Net: Name=NetQ3_5
Added Pin To Net: NetName=NetQ4_3 Pin=Q3-3
Added Pin To Net: NetName=NetQ4_3 Pin=R6-2
Added Net: Name=NetQ4_3
