Removed Pin From Net: NetName=NetLED1_1 Pin=M1-12
Removed Pin From Net: NetName=T0 Pin=M1-26
Removed Pin From Net: NetName=GND Pin=R5-1
Removed Pin From Net: NetName=NetLED1_2 Pin=R5-2
Change Component Designator: OldDesignator=R6 NewDesignator=R7
Change Component Designator: OldDesignator=R7 NewDesignator=R8
Change Component Designator: OldDesignator=R8 NewDesignator=R9
Change Component Designator: OldDesignator=R9 NewDesignator=R10
Change Component Designator: OldDesignator=R10 NewDesignator=R11
Added Component: Designator=R6(RES-SMD-0805)
Added Pin To Net: NetName=LED Pin=M1-7
Added Pin To Net: NetName=NetLED1_1 Pin=M1-8
Added Pin To Net: NetName=O4 Pin=M1-11
Added Pin To Net: NetName=O5 Pin=M1-12
Added Pin To Net: NetName=O6 Pin=M1-13
Added Pin To Net: NetName=T0 Pin=M1-14
Added Pin To Net: NetName=O3 Pin=M1-26
Added Pin To Net: NetName=O2 Pin=M1-27
Added Pin To Net: NetName=O1 Pin=M1-28
Added Pin To Net: NetName=PWM Pin=M1-30
Added Pin To Net: NetName=FR Pin=M1-31
Added Pin To Net: NetName=FG Pin=M1-33
Added Pin To Net: NetName=3.3V Pin=R5-2
Added Pin To Net: NetName=GND Pin=R5-1
Added Pin To Net: NetName=NetLED1_2 Pin=R5-2
Added Pin To Net: NetName=GND Pin=SW1-1
Added Pin To Net: NetName=NetM1_10 Pin=M1-10
Added Pin To Net: NetName=NetM1_10 Pin=R5-1
Added Pin To Net: NetName=NetM1_10 Pin=SW1-2
Added Net: Name=NetM1_10
Added Member To Class: ClassName=Keo_truot_cua_tu_6_sensor_2_Schematic Member=Component R11 10K
