Removed Pin From Net: NetName=GND Pin=Q3-1
Removed Pin From Net: NetName=NetJ3_1 Pin=Q3-2
Removed Pin From Net: NetName=NetQ6_3 Pin=Q3-3
Removed Pin From Net: NetName=GND Pin=Q4-1
Removed Pin From Net: NetName=NetJ3_3 Pin=Q4-2
Removed Pin From Net: NetName=NetQ7_3 Pin=Q4-3
Removed Pin From Net: NetName=NetM1_25 Pin=R1-1
Removed Pin From Net: NetName=3.3V Pin=R1-2
Removed Pin From Net: NetName=3.3V Pin=R2-1
Removed Pin From Net: NetName=NetM1_3 Pin=R2-2
Removed Pin From Net: NetName=12V Pin=R3-1
Removed Pin From Net: NetName=NetQ1_2 Pin=R3-2
Removed Pin From Net: NetName=12V Pin=R4-1
Removed Pin From Net: NetName=NetQ1_4 Pin=R4-2
Removed Pin From Net: NetName=12V Pin=R5-1
Removed Pin From Net: NetName=NetQ2_2 Pin=R5-2
Removed Pin From Net: NetName=GND Pin=R6-1
Removed Pin From Net: NetName=NetLED1_2 Pin=R6-2
Removed Pin From Net: NetName=PWM Pin=R7-1
Removed Pin From Net: NetName=NetQ6_3 Pin=R7-2
Removed Pin From Net: NetName=FR Pin=R8-1
Removed Pin From Net: NetName=NetQ7_3 Pin=R8-2
Removed Pin From Net: NetName=NetJ3_1 Pin=R9-1
Removed Pin From Net: NetName=5V Pin=R9-2
Removed Pin From Net: NetName=NetJ3_3 Pin=R14-1
Removed Pin From Net: NetName=5V Pin=R14-2
Removed Pin From Net: NetName=GND Pin=R15-1
Removed Pin From Net: NetName=ANALOG Pin=R15-2
Change Component Footprint: Designator=R1 Old Footprint=RES-SMD-0805 New Footprint=RES-SMD-0603
Change Component Footprint: Designator=R2 Old Footprint=RES-SMD-0805 New Footprint=RES-SMD-0603
Change Component Footprint: Designator=R3 Old Footprint=RES-SMD-0805 New Footprint=RES-SMD-0603
Change Component Footprint: Designator=R4 Old Footprint=RES-SMD-0805 New Footprint=RES-SMD-0603
Change Component Footprint: Designator=R5 Old Footprint=RES-SMD-0805 New Footprint=RES-SMD-0603
Change Component Footprint: Designator=R6 Old Footprint=RES-SMD-0805 New Footprint=RES-SMD-0603
Change Component Footprint: Designator=R7 Old Footprint=RES-SMD-0805 New Footprint=RES-SMD-0603
Change Component Footprint: Designator=R8 Old Footprint=RES-SMD-0805 New Footprint=RES-SMD-0603
Change Component Footprint: Designator=R9 Old Footprint=RES-SMD-0805 New Footprint=RES-SMD-0603
Change Component Footprint: Designator=R10 Old Footprint=RES-SMD-0805 New Footprint=RES-SMD-0603
Change Component Footprint: Designator=R11 Old Footprint=RES-SMD-0805 New Footprint=RES-SMD-0603
Change Component Footprint: Designator=R12 Old Footprint=RES-SMD-0805 New Footprint=RES-SMD-0603
Change Component Footprint: Designator=R13 Old Footprint=RES-SMD-0805 New Footprint=RES-SMD-0603
Change Component Footprint: Designator=R14 Old Footprint=RES-SMD-0805 New Footprint=RES-SMD-0603
Change Component Footprint: Designator=R15 Old Footprint=RES-SMD-0805 New Footprint=RES-SMD-0603
Change Component Footprint: Designator=Q6 Old Footprint=SOT23B New Footprint=QTO-92
Change Component Footprint: Designator=Q7 Old Footprint=SOT23B New Footprint=QTO-92
Change Component Comment : Designator=R6 Old Comment=1K New Comment=Res
Change Component Comment : Designator=R8 Old Comment=1K New Comment=Res
Change Component Comment : Designator=R9 Old Comment=1K New Comment=Res
Change Component Comment : Designator=R11 Old Comment=1K New Comment=Res
Change Component Comment : Designator=R12 Old Comment=1K New Comment=Res
Change Component Comment : Designator=R1 Old Comment=10K New Comment=Res
Change Component Comment : Designator=R2 Old Comment=10K New Comment=Res
Change Component Comment : Designator=R3 Old Comment=10K New Comment=Res
Change Component Comment : Designator=R4 Old Comment=10K New Comment=Res
Change Component Comment : Designator=R5 Old Comment=10K New Comment=Res
Change Component Comment : Designator=R7 Old Comment=10K New Comment=Res
Change Component Comment : Designator=R10 Old Comment=10K New Comment=Res
Change Component Comment : Designator=R15 Old Comment=10K New Comment=Res
Change Component Comment : Designator=R13 Old Comment=100K New Comment=Res
Change Component Comment : Designator=R14 Old Comment=100K New Comment=Res
Added Component: Designator=SW2(SW1-DIP)
Added Pin To Net: NetName=NetQ1_2 Pin=Q3-1
Added Pin To Net: NetName=GND Pin=Q3-2
Added Pin To Net: NetName=NetQ3_3 Pin=Q3-3
Added Pin To Net: NetName=NetQ1_4 Pin=Q4-1
Added Pin To Net: NetName=GND Pin=Q4-2
Added Pin To Net: NetName=NetQ4_3 Pin=Q4-3
Added Pin To Net: NetName=GND Pin=Q6-1
Added Pin To Net: NetName=NetJ3_1 Pin=Q6-2
Added Pin To Net: NetName=NetQ6_3 Pin=Q6-3
Added Pin To Net: NetName=GND Pin=Q7-1
Added Pin To Net: NetName=NetJ3_3 Pin=Q7-2
Added Pin To Net: NetName=NetQ7_3 Pin=Q7-3
Added Pin To Net: NetName=3.3V Pin=R1-1
Added Pin To Net: NetName=NetM1_25 Pin=R1-2
Added Pin To Net: NetName=NetM1_3 Pin=R2-1
Added Pin To Net: NetName=3.3V Pin=R2-2
Added Pin To Net: NetName=NetQ1_2 Pin=R3-1
Added Pin To Net: NetName=12V Pin=R3-2
Added Pin To Net: NetName=NetQ1_4 Pin=R4-1
Added Pin To Net: NetName=12V Pin=R4-2
Added Pin To Net: NetName=NetQ2_2 Pin=R5-1
Added Pin To Net: NetName=12V Pin=R5-2
Added Pin To Net: NetName=LEDB Pin=R6-1
Added Pin To Net: NetName=NetQ3_3 Pin=R6-2
Added Pin To Net: NetName=3.3V Pin=R7-1
Added Pin To Net: NetName=NetM1_10 Pin=R7-2
Added Pin To Net: NetName=NetQ4_3 Pin=R8-1
Added Pin To Net: NetName=LEDR Pin=R8-2
Added Pin To Net: NetName=NetQ5_3 Pin=R9-1
Added Pin To Net: NetName=LEDG Pin=R9-2
Added Pin To Net: NetName=NetLED1_2 Pin=R10-1
Added Pin To Net: NetName=GND Pin=R10-2
Added Pin To Net: NetName=NetQ6_3 Pin=R11-1
Added Pin To Net: NetName=PWM Pin=R11-2
Added Pin To Net: NetName=NetQ7_3 Pin=R12-1
Added Pin To Net: NetName=FR Pin=R12-2
Added Pin To Net: NetName=5V Pin=R13-1
Added Pin To Net: NetName=NetJ3_1 Pin=R13-2
Added Pin To Net: NetName=5V Pin=R14-1
Added Pin To Net: NetName=NetJ3_3 Pin=R14-2
Added Pin To Net: NetName=ANALOG Pin=R15-1
Added Pin To Net: NetName=GND Pin=R15-2
Added Pin To Net: NetName=GND Pin=SW1-1
Added Pin To Net: NetName=NetM1_10 Pin=SW1-2
Added Member To Class: ClassName=Keo_truot_cua_tu_6_sensor_2_Schematic Member=Component Q6 C1815
Added Member To Class: ClassName=Keo_truot_cua_tu_6_sensor_2_Schematic Member=Component Q7 C1815
Added Member To Class: ClassName=Keo_truot_cua_tu_6_sensor_2_Schematic Member=Component R10 Res
Added Member To Class: ClassName=Keo_truot_cua_tu_6_sensor_2_Schematic Member=Component R11 Res
Added Member To Class: ClassName=Keo_truot_cua_tu_6_sensor_2_Schematic Member=Component R12 Res
Added Member To Class: ClassName=Keo_truot_cua_tu_6_sensor_2_Schematic Member=Component R13 Res
