Removed Pin From Net: NetName=NetQ1_2 Pin=R3-1
Removed Pin From Net: NetName=12V Pin=R3-2
Removed Pin From Net: NetName=NetQ1_4 Pin=R4-1
Removed Pin From Net: NetName=12V Pin=R4-2
Removed Pin From Net: NetName=NetQ2_2 Pin=R5-1
Removed Pin From Net: NetName=12V Pin=R5-2
Removed Pin From Net: NetName=NetQ4_3 Pin=R8-1
Removed Pin From Net: NetName=LEDR Pin=R8-2
Removed Pin From Net: NetName=NetQ5_3 Pin=R9-1
Removed Pin From Net: NetName=LEDG Pin=R9-2
Removed Pin From Net: NetName=NetQ6_3 Pin=R11-1
Removed Pin From Net: NetName=PWM Pin=R11-2
Removed Pin From Net: NetName=NetQ7_3 Pin=R12-1
Removed Pin From Net: NetName=FR Pin=R12-2
Removed Pin From Net: NetName=5V Pin=R13-1
Removed Pin From Net: NetName=NetJ3_1 Pin=R13-2
Removed Pin From Net: NetName=5V Pin=R14-1
Removed Pin From Net: NetName=NetJ3_3 Pin=R14-2
Removed Pin From Net: NetName=ANALOG Pin=R15-1
Removed Pin From Net: NetName=GND Pin=R15-2
Change Component Footprint: Designator=R1 Old Footprint=RES-SMD-0603 New Footprint=RES-SMD-0805
Change Component Footprint: Designator=R2 Old Footprint=RES-SMD-0603 New Footprint=RES-SMD-0805
Change Component Footprint: Designator=R3 Old Footprint=RES-SMD-0603 New Footprint=RES-SMD-0805
Change Component Footprint: Designator=R4 Old Footprint=RES-SMD-0603 New Footprint=RES-SMD-0805
Change Component Footprint: Designator=R5 Old Footprint=RES-SMD-0603 New Footprint=RES-SMD-0805
Change Component Footprint: Designator=R6 Old Footprint=RES-SMD-0603 New Footprint=RES-SMD-0805
Change Component Footprint: Designator=R7 Old Footprint=RES-SMD-0603 New Footprint=RES-SMD-0805
Change Component Footprint: Designator=R8 Old Footprint=RES-SMD-0603 New Footprint=RES-SMD-0805
Change Component Footprint: Designator=R9 Old Footprint=RES-SMD-0603 New Footprint=RES-SMD-0805
Change Component Footprint: Designator=R10 Old Footprint=RES-SMD-0603 New Footprint=RES-SMD-0805
Change Component Footprint: Designator=R11 Old Footprint=RES-SMD-0603 New Footprint=RES-SMD-0805
Change Component Footprint: Designator=R12 Old Footprint=RES-SMD-0603 New Footprint=RES-SMD-0805
Change Component Footprint: Designator=R13 Old Footprint=RES-SMD-0603 New Footprint=RES-SMD-0805
Change Component Footprint: Designator=R14 Old Footprint=RES-SMD-0603 New Footprint=RES-SMD-0805
Change Component Footprint: Designator=R15 Old Footprint=RES-SMD-0603 New Footprint=RES-SMD-0805
Added Pin To Net: NetName=12V Pin=R3-1
Added Pin To Net: NetName=NetQ1_2 Pin=R3-2
Added Pin To Net: NetName=12V Pin=R4-1
Added Pin To Net: NetName=NetQ1_4 Pin=R4-2
Added Pin To Net: NetName=12V Pin=R5-1
Added Pin To Net: NetName=NetQ2_2 Pin=R5-2
Added Pin To Net: NetName=LEDR Pin=R8-1
Added Pin To Net: NetName=NetQ4_3 Pin=R8-2
Added Pin To Net: NetName=LEDG Pin=R9-1
Added Pin To Net: NetName=NetQ5_3 Pin=R9-2
Added Pin To Net: NetName=PWM Pin=R11-1
Added Pin To Net: NetName=NetQ6_3 Pin=R11-2
Added Pin To Net: NetName=FR Pin=R12-1
Added Pin To Net: NetName=NetQ7_3 Pin=R12-2
Added Pin To Net: NetName=NetJ3_1 Pin=R13-1
Added Pin To Net: NetName=5V Pin=R13-2
Added Pin To Net: NetName=NetJ3_3 Pin=R14-1
Added Pin To Net: NetName=5V Pin=R14-2
Added Pin To Net: NetName=GND Pin=R15-1
Added Pin To Net: NetName=ANALOG Pin=R15-2
