Removed Pin From Net: NetName=NetJ3_1 Pin=Q3-2
Removed Pin From Net: NetName=NetJ3_3 Pin=Q4-2
Removed Pin From Net: NetName=GND Pin=R6-1
Removed Pin From Net: NetName=NetLED1_2 Pin=R6-2
Change Component Footprint: Designator=J1 Old Footprint=62000211722 New Footprint=653004117322
Added Component: Designator=Q6(SOT23B)
Added Component: Designator=Q7(SOT23B)
Added Component: Designator=R10(RES-SMD-0805)
Added Component: Designator=R11(RES-SMD-0805)
Added Component: Designator=R12(RES-SMD-0805)
Added Component: Designator=R13(RES-SMD-0805)
Added Pin To Net: NetName=NetJ1_3 Pin=J1-3
Added Pin To Net: NetName=NetJ1_4 Pin=J1-4
Added Pin To Net: NetName=GND Pin=Q3-2
Added Pin To Net: NetName=GND Pin=Q4-2
Added Pin To Net: NetName=GND Pin=Q3-1
Added Pin To Net: NetName=NetJ3_1 Pin=Q3-2
Added Pin To Net: NetName=GND Pin=Q4-1
Added Pin To Net: NetName=NetJ3_3 Pin=Q4-2
Added Pin To Net: NetName=NetM1_10 Pin=R6-1
Added Pin To Net: NetName=3.3V Pin=R6-2
Added Pin To Net: NetName=GND Pin=R6-1
Added Pin To Net: NetName=NetLED1_2 Pin=R6-2
Added Pin To Net: NetName=PWM Pin=R7-1
Added Pin To Net: NetName=FR Pin=R8-1
Added Pin To Net: NetName=NetJ3_1 Pin=R9-1
Added Pin To Net: NetName=5V Pin=R9-2
Change Net Name : Old Net Name=NetQ6_3 New Net Name=NetQ3_3
Change Net Name : Old Net Name=NetQ7_3 New Net Name=NetQ4_3
Added Pin To Net: NetName=NetQ6_3 Pin=Q3-3
Added Pin To Net: NetName=NetQ6_3 Pin=R7-2
Added Net: Name=NetQ6_3
Added Pin To Net: NetName=NetQ7_3 Pin=Q4-3
Added Pin To Net: NetName=NetQ7_3 Pin=R8-2
Added Net: Name=NetQ7_3
Added Member To Class: ClassName=Keo_truot_cua_tu_6_sensor_2_Schematic Member=Component J5 62000211622
Added Member To Class: ClassName=Keo_truot_cua_tu_6_sensor_2_Schematic Member=Component R10 10K
