Removed Pin From Net: NetName=3.3V Pin=J4-1
Removed Pin From Net: NetName=ANALOG Pin=J4-2
Removed Pin From Net: NetName=GND Pin=J4-3
Removed Member From Class: ClassName=Keo_truot_cua_tu_6_sensor_2_Schematic Member=J4
Change Component Designator: OldDesignator=C1 NewDesignator=C?
Change Component Designator: OldDesignator=C2 NewDesignator=C?
Change Component Designator: OldDesignator=flash1 NewDesignator=flash?
Change Component Designator: OldDesignator=J1 NewDesignator=J?
Change Component Designator: OldDesignator=J2 NewDesignator=J?
Change Component Designator: OldDesignator=J3 NewDesignator=J?
Change Component Designator: OldDesignator=LED1 NewDesignator=LED?
Change Component Designator: OldDesignator=M1 NewDesignator=M?
Change Component Designator: OldDesignator=Q1 NewDesignator=Q?
Change Component Designator: OldDesignator=Q2 NewDesignator=Q?
Change Component Designator: OldDesignator=Q3 NewDesignator=Q?
Change Component Designator: OldDesignator=Q4 NewDesignator=Q?
Change Component Designator: OldDesignator=R1 NewDesignator=R?
Change Component Designator: OldDesignator=R2 NewDesignator=R?
Change Component Designator: OldDesignator=R3 NewDesignator=R?
Change Component Designator: OldDesignator=R4 NewDesignator=R?
Change Component Designator: OldDesignator=R5 NewDesignator=R?
Change Component Designator: OldDesignator=R6 NewDesignator=R?
Change Component Designator: OldDesignator=R7 NewDesignator=R?
Change Component Designator: OldDesignator=R8 NewDesignator=R?
Change Component Designator: OldDesignator=R9 NewDesignator=R?
Change Component Designator: OldDesignator=Reset1 NewDesignator=Reset?
Added Component: Designator=J?(62000211622)
Added Component: Designator=R?(RES-SMD-0805)
Added Pin To Net: NetName=3.3V Pin=J?-1
Added Pin To Net: NetName=ANALOG Pin=J?-2
Added Pin To Net: NetName=ANALOG Pin=M?-6
Added Pin To Net: NetName=GND Pin=R?-1
Added Pin To Net: NetName=ANALOG Pin=R?-2
Change Net Name : Old Net Name=Netflash1_2 New Net Name=Netflash?_2
Change Net Name : Old Net Name=NetJ1_2 New Net Name=NetJ?_2
Change Net Name : Old Net Name=NetJ3_1 New Net Name=NetJ?_1
Change Net Name : Old Net Name=NetJ3_3 New Net Name=NetJ?_3
Change Net Name : Old Net Name=NetLED1_1 New Net Name=NetLED?_1
Change Net Name : Old Net Name=NetLED1_2 New Net Name=NetLED?_2
Change Net Name : Old Net Name=NetM1_3 New Net Name=NetM?_3
Change Net Name : Old Net Name=NetQ1_1 New Net Name=NetQ?_1
Change Net Name : Old Net Name=NetQ2_3 New Net Name=NetQ?_3
Change Net Name : Old Net Name=NetQ3_3 New Net Name=NetQ?_3
Change Net Name : Old Net Name=NetQ4_3 New Net Name=NetQ?_3
Added Member To Class: ClassName=Keo_truot_cua_tu_6_sensor_2_Schematic Member=Component J? 62000211622
Added Member To Class: ClassName=Keo_truot_cua_tu_6_sensor_2_Schematic Member=Component R? 10K
