Removed Pin From Net: NetName=GND Pin=Q3-1
Removed Pin From Net: NetName=GND Pin=Q5-1
Removed Pin From Net: NetName=NetJ3_3 Pin=Q5-2
Change Component DesignItemId : Designator=Q4 Old DesignItemId=C1815 New DesignItemId=IRFBF20
Change Component DesignItemId : Designator=Q5 Old DesignItemId=C1815 New DesignItemId=JANTX2N7218U
Change Component Footprint: Designator=Q5 Old Footprint=SOT23B New Footprint=SMD-1
Change Component Footprint: Designator=Q4 Old Footprint=SOT23B New Footprint=TO-220AB
Change Component Comment : Designator=Q4 Old Comment=C1815 New Comment=IRFBF20
Change Component Comment : Designator=Q5 Old Comment=C1815 New Comment=JANTX2N7218U
Added Component: Designator=Q6(SOT23B)
Added Component: Designator=Q7(SOT23B)
Added Pin To Net: NetName=NetQ3_2 Pin=Q3-3
Added Pin To Net: NetName=GND Pin=Q3-1
Added Pin To Net: NetName=NetJ3_1 Pin=Q3-2
Added Pin To Net: NetName=GND Pin=Q5-1
Added Pin To Net: NetName=NetJ3_3 Pin=Q5-2
Added Pin To Net: NetName=NetQ6_3 Pin=Q3-3
Added Pin To Net: NetName=NetQ6_3 Pin=R6-2
Added Net: Name=NetQ6_3
Added Pin To Net: NetName=NetQ7_3 Pin=Q5-3
Added Pin To Net: NetName=NetQ7_3 Pin=R7-2
Added Net: Name=NetQ7_3
Added Member To Class: ClassName=Keo_truot_cua_tu_6_sensor_2_Schematic Member=Component Q6 C1815
Added Member To Class: ClassName=Keo_truot_cua_tu_6_sensor_2_Schematic Member=Component Q7 C1815
