Removed Pin From Net: NetName=GND Pin=flash1-1
Removed Pin From Net: NetName=GND Pin=Q3-1
Removed Pin From Net: NetName=NetJ3_1 Pin=Q3-2
Removed Pin From Net: NetName=NetQ6_3 Pin=Q3-3
Removed Pin From Net: NetName=GND Pin=Q4-1
Removed Pin From Net: NetName=NetJ3_3 Pin=Q4-2
Removed Pin From Net: NetName=GND Pin=R6-1
Removed Pin From Net: NetName=NetLED1_2 Pin=R6-2
Removed Pin From Net: NetName=PWM Pin=R7-1
Removed Pin From Net: NetName=NetQ6_3 Pin=R7-2
Removed Pin From Net: NetName=FR Pin=R8-1
Removed Pin From Net: NetName=NetJ3_1 Pin=R9-1
Removed Pin From Net: NetName=5V Pin=R9-2
Removed Pin From Net: NetName=NetM1_10 Pin=SW1-2
Removed Member From Class: ClassName=Keo_truot_cua_tu_6_sensor_2_Schematic Member=flash1
Change Component Footprint: Designator=SW1 Old Footprint=SW1-DIP New Footprint=SW-DIP1-1
Change Component Comment : Designator=R7 Old Comment=1K New Comment=10K
Change Component Comment : Designator=R6 Old Comment=10K New Comment=1K
Added Component: Designator=Q6(SOT23B)
Added Component: Designator=Q7(SOT23B)
Added Component: Designator=R10(RES-SMD-0805)
Added Component: Designator=R11(RES-SMD-0805)
Added Component: Designator=R12(RES-SMD-0805)
Added Component: Designator=R13(RES-SMD-0805)
Added Component: Designator=SW2(SW1-DIP)
Added Pin To Net: NetName=NetQ1_2 Pin=Q3-1
Added Pin To Net: NetName=GND Pin=Q3-2
Added Pin To Net: NetName=NetQ3_3 Pin=Q3-3
Added Pin To Net: NetName=NetQ1_4 Pin=Q4-1
Added Pin To Net: NetName=GND Pin=Q4-2
Added Pin To Net: NetName=GND Pin=Q3-1
Added Pin To Net: NetName=NetJ3_1 Pin=Q3-2
Added Pin To Net: NetName=NetQ6_3 Pin=Q3-3
Added Pin To Net: NetName=GND Pin=Q4-1
Added Pin To Net: NetName=NetJ3_3 Pin=Q4-2
Added Pin To Net: NetName=LEDB Pin=R6-1
Added Pin To Net: NetName=NetQ3_3 Pin=R6-2
Added Pin To Net: NetName=NetM1_10 Pin=R7-1
Added Pin To Net: NetName=3.3V Pin=R7-2
Added Pin To Net: NetName=LEDR Pin=R8-1
Added Pin To Net: NetName=LEDG Pin=R9-1
Added Pin To Net: NetName=NetQ5_3 Pin=R9-2
Added Pin To Net: NetName=GND Pin=R6-1
Added Pin To Net: NetName=NetLED1_2 Pin=R6-2
Added Pin To Net: NetName=PWM Pin=R7-1
Added Pin To Net: NetName=NetQ6_3 Pin=R7-2
Added Pin To Net: NetName=FR Pin=R8-1
Added Pin To Net: NetName=NetJ3_1 Pin=R9-1
Added Pin To Net: NetName=5V Pin=R9-2
Added Pin To Net: NetName=GND Pin=SW1-1
Added Pin To Net: NetName=NetM1_10 Pin=SW1-2
Change Net Name : Old Net Name=NetQ7_3 New Net Name=NetQ4_3
Added Pin To Net: NetName=NetM1_25 Pin=M1-25
Added Pin To Net: NetName=NetM1_25 Pin=R1-1
Added Pin To Net: NetName=NetM1_25 Pin=SW1-2
Added Net: Name=NetM1_25
Added Pin To Net: NetName=NetQ7_3 Pin=Q4-3
Added Pin To Net: NetName=NetQ7_3 Pin=R8-2
Added Net: Name=NetQ7_3
Added Member To Class: ClassName=Keo_truot_cua_tu_6_sensor_2_Schematic Member=Component Q6 C1815
Added Member To Class: ClassName=Keo_truot_cua_tu_6_sensor_2_Schematic Member=Component Q7 C1815
Added Member To Class: ClassName=Keo_truot_cua_tu_6_sensor_2_Schematic Member=Component R10 10K
Added Member To Class: ClassName=Keo_truot_cua_tu_6_sensor_2_Schematic Member=Component R11 1K
Added Member To Class: ClassName=Keo_truot_cua_tu_6_sensor_2_Schematic Member=Component R12 1K
Added Member To Class: ClassName=Keo_truot_cua_tu_6_sensor_2_Schematic Member=Component R13 100K
Added Member To Class: ClassName=Keo_truot_cua_tu_6_sensor_2_Schematic Member=Component SW2 SW
